  mikktspace.c
  stb_image.c
  xml.cpp
  Actor.cpp
  Transform.cpp
  Audio.cpp
  BytePacker.cpp
  callstack.cpp
  Clock.cpp
  ConsoleCommand.cpp
  EngineCommon.cpp
  EngineSystemManager.cpp
  ErrorWarningAssert.cpp
c:\program files (x86)\windows kits\8.1\include\um\dbghelp.h(1544): warning C4091: 'typedef ': ignored on left of '' when no variable is declared (compiling source file Core\callstack.cpp)
c:\program files (x86)\windows kits\8.1\include\um\dbghelp.h(3190): warning C4091: 'typedef ': ignored on left of '' when no variable is declared (compiling source file Core\callstack.cpp)
  EventSystem.cpp
  FileUtils.cpp
  JobSystem.cpp
  Logger.cpp
  Memory.cpp
  Profiler.cpp
  StringUtils.cpp
  Time.cpp
  XMLUtils.cpp
  TheInput.cpp
  TheKeyboard.cpp
  XboxController.cpp
  AABB2.cpp
  AABB3.cpp
  IntVector2.cpp
  IntVector3.cpp
  MathUtils.cpp
  Matrix44.cpp
  Noise.cpp
  Vector2.cpp
  Vector3.cpp
  Vector4.cpp
  CriticalSection.cpp
  AnimationCurve.cpp
  AnimationGraph.cpp
  Animator.cpp
  FBX.cpp
  MeshBuilder.cpp
  Motion.cpp
  Skeleton.cpp
  NetConnection.cpp
  NetMessage.cpp
  NetPacket.cpp
  NetSession.cpp
  NetworkSystem.cpp
  PacketChannel.cpp
  RemoteCommandService.cpp
  TCPConnection.cpp
  TCPListener.cpp
  VoiceChatSystem.cpp
  BitmapFont.cpp
  DebugRenderCommand.cpp
  Framebuffer.cpp
  Light.cpp
  Material.cpp
  Mesh.cpp
  MeshRenderer.cpp
  OpenGLExtensions.cpp
  ParticleSystem.cpp
  ShaderStorageBlock.cpp
  Sprite.cpp
  SpriteAnimation.cpp
  SpriteRenderer.cpp
  SpriteSheet.cpp
  Texture.cpp
  GLRenderer.cpp
  UniformBlock.cpp
  StringEffectFragment.cpp
  TextBox.cpp
  TextEffect.cpp
AABB3.obj : warning LNK4221: This object file does not define any previously undefined public symbols, so it will not be used by any link operation that consumes this library
  Engine.vcxproj -> D:\Guildhall\p4\C25\Students\rscarver\Projects\SD1\Assault\Temporary\Engine_Win32_Debug\Engine.lib
