d:\guildhall\p4\c25\students\rscarver\projects\sd1\assault\temporary\engine_win32_debug\vc120.pdb
d:\guildhall\p4\c25\students\rscarver\projects\sd1\assault\temporary\engine_win32_debug\vc120.idb
d:\guildhall\p4\c25\students\rscarver\projects\sd1\assault\temporary\engine_win32_debug\stb_image.obj
d:\guildhall\p4\c25\students\rscarver\projects\sd1\assault\temporary\engine_win32_debug\errorwarningassert.obj
d:\guildhall\p4\c25\students\rscarver\projects\sd1\assault\temporary\engine_win32_debug\stringutils.obj
d:\guildhall\p4\c25\students\rscarver\projects\sd1\assault\temporary\engine_win32_debug\time.obj
d:\guildhall\p4\c25\students\rscarver\projects\sd1\assault\temporary\engine_win32_debug\inpututils.obj
d:\guildhall\p4\c25\students\rscarver\projects\sd1\assault\temporary\engine_win32_debug\thekeyboard.obj
d:\guildhall\p4\c25\students\rscarver\projects\sd1\assault\temporary\engine_win32_debug\xboxcontroller.obj
d:\guildhall\p4\c25\students\rscarver\projects\sd1\assault\temporary\engine_win32_debug\intvector2.obj
d:\guildhall\p4\c25\students\rscarver\projects\sd1\assault\temporary\engine_win32_debug\mathutils.obj
d:\guildhall\p4\c25\students\rscarver\projects\sd1\assault\temporary\engine_win32_debug\vector2.obj
d:\guildhall\p4\c25\students\rscarver\projects\sd1\assault\temporary\engine_win32_debug\aabb2.obj
d:\guildhall\p4\c25\students\rscarver\projects\sd1\assault\temporary\engine_win32_debug\texture.obj
d:\guildhall\p4\c25\students\rscarver\projects\sd1\assault\temporary\engine_win32_debug\therenderer.obj
d:\guildhall\p4\c25\students\rscarver\projects\sd1\assault\temporary\engine_win32_debug\engine.lib
d:\guildhall\p4\c25\students\rscarver\projects\sd1\assault\temporary\engine_win32_debug\engine.tlog\cl.command.1.tlog
d:\guildhall\p4\c25\students\rscarver\projects\sd1\assault\temporary\engine_win32_debug\engine.tlog\cl.read.1.tlog
d:\guildhall\p4\c25\students\rscarver\projects\sd1\assault\temporary\engine_win32_debug\engine.tlog\cl.write.1.tlog
d:\guildhall\p4\c25\students\rscarver\projects\sd1\assault\temporary\engine_win32_debug\engine.tlog\lib-link.read.1.tlog
d:\guildhall\p4\c25\students\rscarver\projects\sd1\assault\temporary\engine_win32_debug\engine.tlog\lib-link.write.1.tlog
d:\guildhall\p4\c25\students\rscarver\projects\sd1\assault\temporary\engine_win32_debug\engine.tlog\lib.command.1.tlog
