d:\guildhall\p4\c25\students\rscarver\projects\sd1\assault\temporary\assault_win32_release\vc120.pdb
d:\guildhall\p4\c25\students\rscarver\projects\sd1\assault\temporary\assault_win32_release\turret.obj
d:\guildhall\p4\c25\students\rscarver\projects\sd1\assault\temporary\assault_win32_release\map.obj
d:\guildhall\p4\c25\students\rscarver\projects\sd1\assault\temporary\assault_win32_release\enemytank.obj
d:\guildhall\p4\c25\students\rscarver\projects\sd1\assault\temporary\assault_win32_release\controller.obj
d:\guildhall\p4\c25\students\rscarver\projects\sd1\assault\temporary\assault_win32_release\bullet.obj
d:\guildhall\p4\c25\students\rscarver\projects\sd1\assault\temporary\assault_win32_release\gameobject.obj
d:\guildhall\p4\c25\students\rscarver\projects\sd1\assault\temporary\assault_win32_release\playertank.obj
d:\guildhall\p4\c25\students\rscarver\projects\sd1\assault\temporary\assault_win32_release\tile.obj
d:\guildhall\p4\c25\students\rscarver\projects\sd1\assault\temporary\assault_win32_release\main_win32.obj
d:\guildhall\p4\c25\students\rscarver\projects\sd1\assault\temporary\assault_win32_release\thegame.obj
d:\guildhall\p4\c25\students\rscarver\projects\sd1\assault\temporary\assault_win32_release\assault.exe
d:\guildhall\p4\c25\students\rscarver\projects\sd1\assault\temporary\assault_win32_release\assault.pdb
d:\guildhall\p4\c25\students\rscarver\projects\sd1\assault\temporary\assault_win32_release\game.vcxprojresolveassemblyreference.cache
d:\guildhall\p4\c25\students\rscarver\projects\sd1\assault\temporary\assault_win32_release\camera2d.obj
d:\guildhall\p4\c25\students\rscarver\projects\sd1\assault\temporary\assault_win32_release\gamecommon.obj
d:\guildhall\p4\c25\students\rscarver\projects\sd1\assault\temporary\assault_win32_release\tank.obj
d:\guildhall\p4\c25\students\rscarver\projects\sd1\assault\temporary\assault_win32_release\assault.tlog\cl.command.1.tlog
d:\guildhall\p4\c25\students\rscarver\projects\sd1\assault\temporary\assault_win32_release\assault.tlog\cl.read.1.tlog
d:\guildhall\p4\c25\students\rscarver\projects\sd1\assault\temporary\assault_win32_release\assault.tlog\cl.write.1.tlog
d:\guildhall\p4\c25\students\rscarver\projects\sd1\assault\temporary\assault_win32_release\assault.tlog\link.command.1.tlog
d:\guildhall\p4\c25\students\rscarver\projects\sd1\assault\temporary\assault_win32_release\assault.tlog\link.read.1.tlog
d:\guildhall\p4\c25\students\rscarver\projects\sd1\assault\temporary\assault_win32_release\assault.tlog\link.write.1.tlog
