d:\guildhall\p4\c25\students\rscarver\projects\sd1\assault\temporary\engine_win32_release\vc120.pdb
d:\guildhall\p4\c25\students\rscarver\projects\sd1\assault\temporary\engine_win32_release\stb_image.obj
d:\guildhall\p4\c25\students\rscarver\projects\sd1\assault\temporary\engine_win32_release\errorwarningassert.obj
d:\guildhall\p4\c25\students\rscarver\projects\sd1\assault\temporary\engine_win32_release\stringutils.obj
d:\guildhall\p4\c25\students\rscarver\projects\sd1\assault\temporary\engine_win32_release\intvector2.obj
d:\guildhall\p4\c25\students\rscarver\projects\sd1\assault\temporary\engine_win32_release\mathutils.obj
d:\guildhall\p4\c25\students\rscarver\projects\sd1\assault\temporary\engine_win32_release\vector2.obj
d:\guildhall\p4\c25\students\rscarver\projects\sd1\assault\temporary\engine_win32_release\aabb2.obj
d:\guildhall\p4\c25\students\rscarver\projects\sd1\assault\temporary\engine_win32_release\therenderer.obj
d:\guildhall\p4\c25\students\rscarver\projects\sd1\assault\temporary\engine_win32_release\audio.obj
d:\guildhall\p4\c25\students\rscarver\projects\sd1\assault\temporary\engine_win32_release\thekeyboard.obj
d:\guildhall\p4\c25\students\rscarver\projects\sd1\assault\temporary\engine_win32_release\texture.obj
d:\guildhall\p4\c25\students\rscarver\projects\sd1\assault\temporary\engine_win32_release\inpututils.obj
d:\guildhall\p4\c25\students\rscarver\projects\sd1\assault\temporary\engine_win32_release\time.obj
d:\guildhall\p4\c25\students\rscarver\projects\sd1\assault\temporary\engine_win32_release\spritesheet.obj
d:\guildhall\p4\c25\students\rscarver\projects\sd1\assault\temporary\engine_win32_release\xboxcontroller.obj
d:\guildhall\p4\c25\students\rscarver\projects\sd1\assault\temporary\engine_win32_release\engine.lib
d:\guildhall\p4\c25\students\rscarver\projects\sd1\assault\temporary\engine_win32_release\engine.tlog\cl.command.1.tlog
d:\guildhall\p4\c25\students\rscarver\projects\sd1\assault\temporary\engine_win32_release\engine.tlog\cl.read.1.tlog
d:\guildhall\p4\c25\students\rscarver\projects\sd1\assault\temporary\engine_win32_release\engine.tlog\cl.write.1.tlog
d:\guildhall\p4\c25\students\rscarver\projects\sd1\assault\temporary\engine_win32_release\engine.tlog\lib-link.read.1.tlog
d:\guildhall\p4\c25\students\rscarver\projects\sd1\assault\temporary\engine_win32_release\engine.tlog\lib-link.write.1.tlog
d:\guildhall\p4\c25\students\rscarver\projects\sd1\assault\temporary\engine_win32_release\engine.tlog\lib.command.1.tlog
