d:\guildhall\p4\c25\students\rscarver\projects\sd1\assault\temporary\assault_win32_debug\vc120.pdb
d:\guildhall\p4\c25\students\rscarver\projects\sd1\assault\temporary\assault_win32_debug\vc120.idb
d:\guildhall\p4\c25\students\rscarver\projects\sd1\assault\temporary\assault_win32_debug\camera2d.obj
d:\guildhall\p4\c25\students\rscarver\projects\sd1\assault\temporary\assault_win32_debug\controller.obj
d:\guildhall\p4\c25\students\rscarver\projects\sd1\assault\temporary\assault_win32_debug\gamecommon.obj
d:\guildhall\p4\c25\students\rscarver\projects\sd1\assault\temporary\assault_win32_debug\gameobject.obj
d:\guildhall\p4\c25\students\rscarver\projects\sd1\assault\temporary\assault_win32_debug\main_win32.obj
d:\guildhall\p4\c25\students\rscarver\projects\sd1\assault\temporary\assault_win32_debug\map.obj
d:\guildhall\p4\c25\students\rscarver\projects\sd1\assault\temporary\assault_win32_debug\playertank.obj
d:\guildhall\p4\c25\students\rscarver\projects\sd1\assault\temporary\assault_win32_debug\thegame.obj
d:\guildhall\p4\c25\students\rscarver\projects\sd1\assault\temporary\assault_win32_debug\tile.obj
d:\guildhall\p4\c25\students\rscarver\projects\sd1\assault\temporary\assault_win32_debug\assault.ilk
d:\guildhall\p4\c25\students\rscarver\projects\sd1\assault\temporary\assault_win32_debug\assault.exe
d:\guildhall\p4\c25\students\rscarver\projects\sd1\assault\temporary\assault_win32_debug\assault.pdb
d:\guildhall\p4\c25\students\rscarver\projects\sd1\assault\temporary\assault_win32_debug\assault.tlog\cl.command.1.tlog
d:\guildhall\p4\c25\students\rscarver\projects\sd1\assault\temporary\assault_win32_debug\assault.tlog\cl.read.1.tlog
d:\guildhall\p4\c25\students\rscarver\projects\sd1\assault\temporary\assault_win32_debug\assault.tlog\cl.write.1.tlog
d:\guildhall\p4\c25\students\rscarver\projects\sd1\assault\temporary\assault_win32_debug\assault.tlog\link.command.1.tlog
d:\guildhall\p4\c25\students\rscarver\projects\sd1\assault\temporary\assault_win32_debug\assault.tlog\link.read.1.tlog
d:\guildhall\p4\c25\students\rscarver\projects\sd1\assault\temporary\assault_win32_debug\assault.tlog\link.write.1.tlog
